[0906/192455.163:ERROR:process_memory_win.cc(73)] ReadMemory at 0x7ff7e5250000 of 64 bytes failed: 仅完成部分的 ReadProcessMemory 或 WriteProcessMemory 请求。 (0x12B)
[0906/192455.166:WARNING:pe_image_reader.cc(340)] could not read dos header from C:\Program Files\Google\Chrome\Application\chrome.exe
[0906/192455.166:ERROR:process_memory_win.cc(73)] ReadMemory at 0x7ffc30a60000 of 64 bytes failed: 仅完成部分的 ReadProcessMemory 或 WriteProcessMemory 请求。 (0x12B)
[0906/192455.166:WARNING:pe_image_reader.cc(340)] could not read dos header from C:\Windows\SYSTEM32\ntdll.dll
[0906/192455.166:ERROR:process_memory_win.cc(73)] ReadMemory at 0x7ffc30960000 of 64 bytes failed: 仅完成部分的 ReadProcessMemory 或 WriteProcessMemory 请求。 (0x12B)
[0906/192455.172:WARNING:pe_image_reader.cc(340)] could not read dos header from C:\Windows\System32\KERNEL32.DLL
[0906/192455.172:ERROR:process_memory_win.cc(73)] ReadMemory at 0x7ffc2e860000 of 64 bytes failed: 仅完成部分的 ReadProcessMemory 或 WriteProcessMemory 请求。 (0x12B)
[0906/192455.172:WARNING:pe_image_reader.cc(340)] could not read dos header from C:\Windows\System32\KERNELBASE.dll
[0906/192455.172:ERROR:process_memory_win.cc(73)] ReadMemory at 0x7ffbfff10000 of 64 bytes failed: 仅完成部分的 ReadProcessMemory 或 WriteProcessMemory 请求。 (0x12B)
[0906/192455.172:WARNING:pe_image_reader.cc(340)] could not read dos header from C:\Program Files\Google\Chrome\Application\85.0.4183.83\chrome_elf.dll
[0906/192455.172:ERROR:process_memory_win.cc(73)] ReadMemory at 0x7ffc2d4f0000 of 64 bytes failed: 仅完成部分的 ReadProcessMemory 或 WriteProcessMemory 请求。 (0x12B)
[0906/192455.172:WARNING:pe_image_reader.cc(340)] could not read dos header from C:\Windows\SYSTEM32\VERSION.dll
[0906/192455.172:ERROR:process_memory_win.cc(73)] ReadMemory at 0x7ffc2f500000 of 64 bytes failed: 仅完成部分的 ReadProcessMemory 或 WriteProcessMemory 请求。 (0x12B)
[0906/192455.172:WARNING:pe_image_reader.cc(340)] could not read dos header from C:\Windows\System32\msvcrt.dll
[0906/192455.172:ERROR:process_memory_win.cc(73)] ReadMemory at 0x7ffc2e640000 of 64 bytes failed: 仅完成部分的 ReadProcessMemory 或 WriteProcessMemory 请求。 (0x12B)
[0906/192455.172:WARNING:pe_image_reader.cc(340)] could not read dos header from C:\Windows\System32\bcryptPrimitives.dll
[0906/192455.172:ERROR:process_memory_win.cc(73)] ReadMemory at 0x7ffc2f450000 of 64 bytes failed: 仅完成部分的 ReadProcessMemory 或 WriteProcessMemory 请求。 (0x12B)
[0906/192455.172:WARNING:pe_image_reader.cc(340)] could not read dos header from C:\Windows\System32\ADVAPI32.dll
[0906/192455.172:ERROR:process_memory_win.cc(73)] ReadMemory at 0x7ffc308c0000 of 64 bytes failed: 仅完成部分的 ReadProcessMemory 或 WriteProcessMemory 请求。 (0x12B)
[0906/192455.172:WARNING:pe_image_reader.cc(340)] could not read dos header from C:\Windows\System32\sechost.dll
[0906/192455.172:ERROR:process_memory_win.cc(73)] ReadMemory at 0x7ffc2eca0000 of 64 bytes failed: 仅完成部分的 ReadProcessMemory 或 WriteProcessMemory 请求。 (0x12B)
[0906/192455.172:WARNING:pe_image_reader.cc(340)] could not read dos header from C:\Windows\System32\RPCRT4.dll
[0906/192455.172:ERROR:process_memory_win.cc(73)] ReadMemory at 0x7ffbd7790000 of 64 bytes failed: 仅完成部分的 ReadProcessMemory 或 WriteProcessMemory 请求。 (0x12B)
[0906/192455.172:WARNING:pe_image_reader.cc(340)] could not read dos header from C:\Program Files\Google\Chrome\Application\85.0.4183.83\chrome.dll
[0906/192455.172:ERROR:process_memory_win.cc(73)] ReadMemory at 0x7ffc30070000 of 64 bytes failed: 仅完成部分的 ReadProcessMemory 或 WriteProcessMemory 请求。 (0x12B)
[0906/192455.172:WARNING:pe_image_reader.cc(340)] could not read dos header from C:\Windows\System32\WS2_32.dll
[0906/192455.172:ERROR:process_memory_win.cc(73)] ReadMemory at 0x7ffc2ffa0000 of 64 bytes failed: 仅完成部分的 ReadProcessMemory 或 WriteProcessMemory 请求。 (0x12B)
[0906/192455.172:WARNING:pe_image_reader.cc(340)] could not read dos header from C:\Windows\System32\OLEAUT32.dll
[0906/192455.172:ERROR:process_memory_win.cc(73)] ReadMemory at 0x7ffc2e540000 of 64 bytes failed: 仅完成部分的 ReadProcessMemory 或 WriteProcessMemory 请求。 (0x12B)
[0906/192455.172:WARNING:pe_image_reader.cc(340)] could not read dos header from C:\Windows\System32\msvcp_win.dll
[0906/192455.172:ERROR:process_memory_win.cc(73)] ReadMemory at 0x7ffc2e250000 of 64 bytes failed: 仅完成部分的 ReadProcessMemory 或 WriteProcessMemory 请求。 (0x12B)
[0906/192455.172:WARNING:pe_image_reader.cc(340)] could not read dos header from C:\Windows\System32\ucrtbase.dll
[0906/192455.172:ERROR:process_memory_win.cc(73)] ReadMemory at 0x7ffc2fa40000 of 64 bytes failed: 仅完成部分的 ReadProcessMemory 或 WriteProcessMemory 请求。 (0x12B)
[0906/192455.172:WARNING:pe_image_reader.cc(340)] could not read dos header from C:\Windows\System32\combase.dll
[0906/192455.172:ERROR:process_memory_win.cc(73)] ReadMemory at 0x7ffc2e5e0000 of 64 bytes failed: 仅完成部分的 ReadProcessMemory 或 WriteProcessMemory 请求。 (0x12B)
[0906/192455.172:WARNING:pe_image_reader.cc(340)] could not read dos header from C:\Windows\System32\WINTRUST.dll
[0906/192455.173:ERROR:process_memory_win.cc(73)] ReadMemory at 0x7ffc2d9b0000 of 64 bytes failed: 仅完成部分的 ReadProcessMemory 或 WriteProcessMemory 请求。 (0x12B)
[0906/192455.173:WARNING:pe_image_reader.cc(340)] could not read dos header from C:\Windows\System32\MSASN1.dll
[0906/192455.173:ERROR:process_memory_win.cc(73)] ReadMemory at 0x7ffc2e6c0000 of 64 bytes failed: 仅完成部分的 ReadProcessMemory 或 WriteProcessMemory 请求。 (0x12B)
[0906/192455.173:WARNING:pe_image_reader.cc(340)] could not read dos header from C:\Windows\System32\CRYPT32.dll
[0906/192455.173:ERROR:process_memory_win.cc(73)] ReadMemory at 0x7ffc2ce30000 of 64 bytes failed: 仅完成部分的 ReadProcessMemory 或 WriteProcessMemory 请求。 (0x12B)
[0906/192455.173:WARNING:pe_image_reader.cc(340)] could not read dos header from C:\Windows\SYSTEM32\IPHLPAPI.DLL
[0906/192455.173:ERROR:process_memory_win.cc(73)] ReadMemory at 0x7ffc22810000 of 64 bytes failed: 仅完成部分的 ReadProcessMemory 或 WriteProcessMemory 请求。 (0x12B)
[0906/192455.173:WARNING:pe_image_reader.cc(340)] could not read dos header from C:\Windows\SYSTEM32\WINMM.dll
[0906/192455.173:ERROR:process_memory_win.cc(73)] ReadMemory at 0x7ffc06c20000 of 64 bytes failed: 仅完成部分的 ReadProcessMemory 或 WriteProcessMemory 请求。 (0x12B)
[0906/192455.173:WARNING:pe_image_reader.cc(340)] could not read dos header from C:\Windows\SYSTEM32\UIAutomationCore.DLL
[0906/192455.173:ERROR:process_memory_win.cc(73)] ReadMemory at 0x7ffc19c50000 of 64 bytes failed: 仅完成部分的 ReadProcessMemory 或 WriteProcessMemory 请求。 (0x12B)
[0906/192455.173:WARNING:pe_image_reader.cc(340)] could not read dos header from C:\Windows\SYSTEM32\Secur32.dll
[0906/192455.173:ERROR:process_memory_win.cc(73)] ReadMemory at 0x7ffc2d810000 of 64 bytes failed: 仅完成部分的 ReadProcessMemory 或 WriteProcessMemory 请求。 (0x12B)
[0906/192455.173:WARNING:pe_image_reader.cc(340)] could not read dos header from C:\Windows\SYSTEM32\USERENV.dll
[0906/192455.173:ERROR:process_memory_win.cc(73)] ReadMemory at 0x7ffc2d900000 of 64 bytes failed: 仅完成部分的 ReadProcessMemory 或 WriteProcessMemory 请求。 (0x12B)
[0906/192455.173:WARNING:pe_image_reader.cc(340)] could not read dos header from C:\Windows\System32\profapi.dll
[0906/192455.173:ERROR:process_memory_win.cc(73)] ReadMemory at 0x7ffc1bfd0000 of 64 bytes failed: 仅完成部分的 ReadProcessMemory 或 WriteProcessMemory 请求。 (0x12B)
[0906/192455.173:WARNING:pe_image_reader.cc(340)] could not read dos header from C:\Windows\SYSTEM32\DWrite.dll
[0906/192455.173:ERROR:process_memory_win.cc(73)] ReadMemory at 0x7ffc24e00000 of 64 bytes failed: 仅完成部分的 ReadProcessMemory 或 WriteProcessMemory 请求。 (0x12B)
[0906/192455.173:WARNING:pe_image_reader.cc(340)] could not read dos header from C:\Windows\SYSTEM32\WINSPOOL.DRV
[0906/192455.173:ERROR:process_memory_win.cc(73)] ReadMemory at 0x7ffc2d9d0000 of 64 bytes failed: 仅完成部分的 ReadProcessMemory 或 WriteProcessMemory 请求。 (0x12B)
[0906/192455.173:WARNING:pe_image_reader.cc(340)] could not read dos header from C:\Windows\System32\kernel.appcore.dll
[0906/192455.173:ERROR:process_memory_win.cc(73)] ReadMemory at 0x7ffc2d9f0000 of 64 bytes failed: 仅完成部分的 ReadProcessMemory 或 WriteProcessMemory 请求。 (0x12B)
[0906/192455.173:WARNING:pe_image_reader.cc(340)] could not read dos header from C:\Windows\System32\bcrypt.dll
[0906/192455.173:ERROR:process_memory_win.cc(73)] ReadMemory at 0x7ffc2c2b0000 of 64 bytes failed: 仅完成部分的 ReadProcessMemory 或 WriteProcessMemory 请求。 (0x12B)
[0906/192455.173:WARNING:pe_image_reader.cc(340)] could not read dos header from C:\Windows\SYSTEM32\dbghelp.dll
[0906/192455.173:ERROR:process_memory_win.cc(73)] ReadMemory at 0x7ffc23800000 of 64 bytes failed: 仅完成部分的 ReadProcessMemory 或 WriteProcessMemory 请求。 (0x12B)
[0906/192455.173:WARNING:pe_image_reader.cc(340)] could not read dos header from C:\Windows\SYSTEM32\WINHTTP.dll
[0906/192455.173:ERROR:process_memory_win.cc(73)] ReadMemory at 0x7ffc26850000 of 64 bytes failed: 仅完成部分的 ReadProcessMemory 或 WriteProcessMemory 请求。 (0x12B)
[0906/192455.173:WARNING:pe_image_reader.cc(340)] could not read dos header from C:\Windows\SYSTEM32\dhcpcsvc.DLL
[0906/192455.173:ERROR:process_memory_win.cc(73)] ReadMemory at 0x7ffc2f740000 of 64 bytes failed: 仅完成部分的 ReadProcessMemory 或 WriteProcessMemory 请求。 (0x12B)
[0906/192455.173:WARNING:pe_image_reader.cc(340)] could not read dos header from C:\Windows\System32\NSI.dll
[0906/192455.173:ERROR:process_memory_win.cc(73)] ReadMemory at 0x7ffc227e0000 of 64 bytes failed: 仅完成部分的 ReadProcessMemory 或 WriteProcessMemory 请求。 (0x12B)
[0906/192455.173:WARNING:pe_image_reader.cc(340)] could not read dos header from C:\Windows\SYSTEM32\WINMMBASE.dll
[0906/192455.173:ERROR:process_memory_win.cc(73)] ReadMemory at 0x7ffc2e810000 of 64 bytes failed: 仅完成部分的 ReadProcessMemory 或 WriteProcessMemory 请求。 (0x12B)
[0906/192455.173:WARNING:pe_image_reader.cc(340)] could not read dos header from C:\Windows\System32\cfgmgr32.dll
[0906/192455.173:ERROR:process_memory_win.cc(73)] ReadMemory at 0x7ffc2a070000 of 64 bytes failed: 仅完成部分的 ReadProcessMemory 或 WriteProcessMemory 请求。 (0x12B)
[0906/192455.173:WARNING:pe_image_reader.cc(340)] could not read dos header from C:\Windows\SYSTEM32\PROPSYS.dll
[0906/192455.173:ERROR:process_memory_win.cc(73)] ReadMemory at 0x7ffc2ef00000 of 64 bytes failed: 仅完成部分的 ReadProcessMemory 或 WriteProcessMemory 请求。 (0x12B)
[0906/192455.173:WARNING:pe_image_reader.cc(340)] could not read dos header from C:\Windows\System32\shcore.dll
[0906/192455.173:ERROR:process_memory_win.cc(73)] ReadMemory at 0x7ffc2d7e0000 of 64 bytes failed: 仅完成部分的 ReadProcessMemory 或 WriteProcessMemory 请求。 (0x12B)
[0906/192455.173:WARNING:pe_image_reader.cc(340)] could not read dos header from C:\Windows\SYSTEM32\SSPICLI.DLL
[0906/192455.173:ERROR:process_memory_win.cc(73)] ReadMemory at 0x7ffc2d2f0000 of 64 bytes failed: 仅完成部分的 ReadProcessMemory 或 WriteProcessMemory 请求。 (0x12B)
[0906/192455.173:WARNING:pe_image_reader.cc(340)] could not read dos header from C:\Windows\SYSTEM32\CRYPTBASE.DLL
[0906/192455.180:ERROR:process_memory_win.cc(73)] ReadMemory at 0x7ff7e5250000 of 64 bytes failed: 仅完成部分的 ReadProcessMemory 或 WriteProcessMemory 请求。 (0x12B)
[0906/192455.180:WARNING:pe_image_reader.cc(340)] could not read dos header from C:\Program Files\Google\Chrome\Application\chrome.exe
[0906/192455.180:ERROR:process_memory_win.cc(73)] ReadMemory at 0x7ffc30a60000 of 64 bytes failed: 仅完成部分的 ReadProcessMemory 或 WriteProcessMemory 请求。 (0x12B)
[0906/192455.180:WARNING:pe_image_reader.cc(340)] could not read dos header from C:\Windows\SYSTEM32\ntdll.dll
[0906/192455.180:ERROR:process_memory_win.cc(73)] ReadMemory at 0x7ffc30960000 of 64 bytes failed: 仅完成部分的 ReadProcessMemory 或 WriteProcessMemory 请求。 (0x12B)
[0906/192455.180:WARNING:pe_image_reader.cc(340)] could not read dos header from C:\Windows\System32\KERNEL32.DLL
[0906/192455.180:ERROR:process_memory_win.cc(73)] ReadMemory at 0x7ffc2e860000 of 64 bytes failed: 仅完成部分的 ReadProcessMemory 或 WriteProcessMemory 请求。 (0x12B)
[0906/192455.180:WARNING:pe_image_reader.cc(340)] could not read dos header from C:\Windows\System32\KERNELBASE.dll
[0906/192455.180:ERROR:process_memory_win.cc(73)] ReadMemory at 0x7ffbfff10000 of 64 bytes failed: 仅完成部分的 ReadProcessMemory 或 WriteProcessMemory 请求。 (0x12B)
[0906/192455.180:WARNING:pe_image_reader.cc(340)] could not read dos header from C:\Program Files\Google\Chrome\Application\85.0.4183.83\chrome_elf.dll
[0906/192455.180:ERROR:process_memory_win.cc(73)] ReadMemory at 0x7ffc2d4f0000 of 64 bytes failed: 仅完成部分的 ReadProcessMemory 或 WriteProcessMemory 请求。 (0x12B)
[0906/192455.180:WARNING:pe_image_reader.cc(340)] could not read dos header from C:\Windows\SYSTEM32\VERSION.dll
[0906/192455.180:ERROR:process_memory_win.cc(73)] ReadMemory at 0x7ffc2f500000 of 64 bytes failed: 仅完成部分的 ReadProcessMemory 或 WriteProcessMemory 请求。 (0x12B)
[0906/192455.180:WARNING:pe_image_reader.cc(340)] could not read dos header from C:\Windows\System32\msvcrt.dll
[0906/192455.181:ERROR:process_memory_win.cc(73)] ReadMemory at 0x7ffc2e640000 of 64 bytes failed: 仅完成部分的 ReadProcessMemory 或 WriteProcessMemory 请求。 (0x12B)
[0906/192455.181:WARNING:pe_image_reader.cc(340)] could not read dos header from C:\Windows\System32\bcryptPrimitives.dll
[0906/192455.181:ERROR:process_memory_win.cc(73)] ReadMemory at 0x7ffc2f450000 of 64 bytes failed: 仅完成部分的 ReadProcessMemory 或 WriteProcessMemory 请求。 (0x12B)
[0906/192455.181:WARNING:pe_image_reader.cc(340)] could not read dos header from C:\Windows\System32\ADVAPI32.dll
[0906/192455.181:ERROR:process_memory_win.cc(73)] ReadMemory at 0x7ffc308c0000 of 64 bytes failed: 仅完成部分的 ReadProcessMemory 或 WriteProcessMemory 请求。 (0x12B)
[0906/192455.181:WARNING:pe_image_reader.cc(340)] could not read dos header from C:\Windows\System32\sechost.dll
[0906/192455.181:ERROR:process_memory_win.cc(73)] ReadMemory at 0x7ffc2eca0000 of 64 bytes failed: 仅完成部分的 ReadProcessMemory 或 WriteProcessMemory 请求。 (0x12B)
[0906/192455.181:WARNING:pe_image_reader.cc(340)] could not read dos header from C:\Windows\System32\RPCRT4.dll
[0906/192455.181:ERROR:process_memory_win.cc(73)] ReadMemory at 0x7ffbd7790000 of 64 bytes failed: 仅完成部分的 ReadProcessMemory 或 WriteProcessMemory 请求。 (0x12B)
[0906/192455.181:WARNING:pe_image_reader.cc(340)] could not read dos header from C:\Program Files\Google\Chrome\Application\85.0.4183.83\chrome.dll
[0906/192455.181:ERROR:process_memory_win.cc(73)] ReadMemory at 0x7ffc30070000 of 64 bytes failed: 仅完成部分的 ReadProcessMemory 或 WriteProcessMemory 请求。 (0x12B)
[0906/192455.181:WARNING:pe_image_reader.cc(340)] could not read dos header from C:\Windows\System32\WS2_32.dll
[0906/192455.181:ERROR:process_memory_win.cc(73)] ReadMemory at 0x7ffc2ffa0000 of 64 bytes failed: 仅完成部分的 ReadProcessMemory 或 WriteProcessMemory 请求。 (0x12B)
[0906/192455.181:WARNING:pe_image_reader.cc(340)] could not read dos header from C:\Windows\System32\OLEAUT32.dll
[0906/192455.181:ERROR:process_memory_win.cc(73)] ReadMemory at 0x7ffc2e540000 of 64 bytes failed: 仅完成部分的 ReadProcessMemory 或 WriteProcessMemory 请求。 (0x12B)
[0906/192455.181:WARNING:pe_image_reader.cc(340)] could not read dos header from C:\Windows\System32\msvcp_win.dll
[0906/192455.181:ERROR:process_memory_win.cc(73)] ReadMemory at 0x7ffc2e250000 of 64 bytes failed: 仅完成部分的 ReadProcessMemory 或 WriteProcessMemory 请求。 (0x12B)
[0906/192455.181:WARNING:pe_image_reader.cc(340)] could not read dos header from C:\Windows\System32\ucrtbase.dll
[0906/192455.181:ERROR:process_memory_win.cc(73)] ReadMemory at 0x7ffc2fa40000 of 64 bytes failed: 仅完成部分的 ReadProcessMemory 或 WriteProcessMemory 请求。 (0x12B)
[0906/192455.181:WARNING:pe_image_reader.cc(340)] could not read dos header from C:\Windows\System32\combase.dll
[0906/192455.181:ERROR:process_memory_win.cc(73)] ReadMemory at 0x7ffc2e5e0000 of 64 bytes failed: 仅完成部分的 ReadProcessMemory 或 WriteProcessMemory 请求。 (0x12B)
[0906/192455.181:WARNING:pe_image_reader.cc(340)] could not read dos header from C:\Windows\System32\WINTRUST.dll
[0906/192455.181:ERROR:process_memory_win.cc(73)] ReadMemory at 0x7ffc2d9b0000 of 64 bytes failed: 仅完成部分的 ReadProcessMemory 或 WriteProcessMemory 请求。 (0x12B)
[0906/192455.181:WARNING:pe_image_reader.cc(340)] could not read dos header from C:\Windows\System32\MSASN1.dll
[0906/192455.181:ERROR:process_memory_win.cc(73)] ReadMemory at 0x7ffc2e6c0000 of 64 bytes failed: 仅完成部分的 ReadProcessMemory 或 WriteProcessMemory 请求。 (0x12B)
[0906/192455.181:WARNING:pe_image_reader.cc(340)] could not read dos header from C:\Windows\System32\CRYPT32.dll
[0906/192455.181:ERROR:process_memory_win.cc(73)] ReadMemory at 0x7ffc2ce30000 of 64 bytes failed: 仅完成部分的 ReadProcessMemory 或 WriteProcessMemory 请求。 (0x12B)
[0906/192455.181:WARNING:pe_image_reader.cc(340)] could not read dos header from C:\Windows\SYSTEM32\IPHLPAPI.DLL
[0906/192455.181:ERROR:process_memory_win.cc(73)] ReadMemory at 0x7ffc22810000 of 64 bytes failed: 仅完成部分的 ReadProcessMemory 或 WriteProcessMemory 请求。 (0x12B)
[0906/192455.181:WARNING:pe_image_reader.cc(340)] could not read dos header from C:\Windows\SYSTEM32\WINMM.dll
[0906/192455.181:ERROR:process_memory_win.cc(73)] ReadMemory at 0x7ffc06c20000 of 64 bytes failed: 仅完成部分的 ReadProcessMemory 或 WriteProcessMemory 请求。 (0x12B)
[0906/192455.181:WARNING:pe_image_reader.cc(340)] could not read dos header from C:\Windows\SYSTEM32\UIAutomationCore.DLL
[0906/192455.181:ERROR:process_memory_win.cc(73)] ReadMemory at 0x7ffc19c50000 of 64 bytes failed: 仅完成部分的 ReadProcessMemory 或 WriteProcessMemory 请求。 (0x12B)
[0906/192455.181:WARNING:pe_image_reader.cc(340)] could not read dos header from C:\Windows\SYSTEM32\Secur32.dll
[0906/192455.181:ERROR:process_memory_win.cc(73)] ReadMemory at 0x7ffc2d810000 of 64 bytes failed: 仅完成部分的 ReadProcessMemory 或 WriteProcessMemory 请求。 (0x12B)
[0906/192455.181:WARNING:pe_image_reader.cc(340)] could not read dos header from C:\Windows\SYSTEM32\USERENV.dll
[0906/192455.181:ERROR:process_memory_win.cc(73)] ReadMemory at 0x7ffc2d900000 of 64 bytes failed: 仅完成部分的 ReadProcessMemory 或 WriteProcessMemory 请求。 (0x12B)
[0906/192455.181:WARNING:pe_image_reader.cc(340)] could not read dos header from C:\Windows\System32\profapi.dll
[0906/192455.181:ERROR:process_memory_win.cc(73)] ReadMemory at 0x7ffc1bfd0000 of 64 bytes failed: 仅完成部分的 ReadProcessMemory 或 WriteProcessMemory 请求。 (0x12B)
[0906/192455.181:WARNING:pe_image_reader.cc(340)] could not read dos header from C:\Windows\SYSTEM32\DWrite.dll
[0906/192455.181:ERROR:process_memory_win.cc(73)] ReadMemory at 0x7ffc24e00000 of 64 bytes failed: 仅完成部分的 ReadProcessMemory 或 WriteProcessMemory 请求。 (0x12B)
[0906/192455.181:WARNING:pe_image_reader.cc(340)] could not read dos header from C:\Windows\SYSTEM32\WINSPOOL.DRV
[0906/192455.181:ERROR:process_memory_win.cc(73)] ReadMemory at 0x7ffc2d9d0000 of 64 bytes failed: 仅完成部分的 ReadProcessMemory 或 WriteProcessMemory 请求。 (0x12B)
[0906/192455.181:WARNING:pe_image_reader.cc(340)] could not read dos header from C:\Windows\System32\kernel.appcore.dll
[0906/192455.181:ERROR:process_memory_win.cc(73)] ReadMemory at 0x7ffc2d9f0000 of 64 bytes failed: 仅完成部分的 ReadProcessMemory 或 WriteProcessMemory 请求。 (0x12B)
[0906/192455.182:WARNING:pe_image_reader.cc(340)] could not read dos header from C:\Windows\System32\bcrypt.dll
[0906/192455.182:ERROR:process_memory_win.cc(73)] ReadMemory at 0x7ffc2c2b0000 of 64 bytes failed: 仅完成部分的 ReadProcessMemory 或 WriteProcessMemory 请求。 (0x12B)
[0906/192455.182:WARNING:pe_image_reader.cc(340)] could not read dos header from C:\Windows\SYSTEM32\dbghelp.dll
[0906/192455.182:ERROR:process_memory_win.cc(73)] ReadMemory at 0x7ffc23800000 of 64 bytes failed: 仅完成部分的 ReadProcessMemory 或 WriteProcessMemory 请求。 (0x12B)
[0906/192455.182:WARNING:pe_image_reader.cc(340)] could not read dos header from C:\Windows\SYSTEM32\WINHTTP.dll
[0906/192455.182:ERROR:process_memory_win.cc(73)] ReadMemory at 0x7ffc26850000 of 64 bytes failed: 仅完成部分的 ReadProcessMemory 或 WriteProcessMemory 请求。 (0x12B)
[0906/192455.182:WARNING:pe_image_reader.cc(340)] could not read dos header from C:\Windows\SYSTEM32\dhcpcsvc.DLL
[0906/192455.182:ERROR:process_memory_win.cc(73)] ReadMemory at 0x7ffc2f740000 of 64 bytes failed: 仅完成部分的 ReadProcessMemory 或 WriteProcessMemory 请求。 (0x12B)
[0906/192455.182:WARNING:pe_image_reader.cc(340)] could not read dos header from C:\Windows\System32\NSI.dll
[0906/192455.182:ERROR:process_memory_win.cc(73)] ReadMemory at 0x7ffc227e0000 of 64 bytes failed: 仅完成部分的 ReadProcessMemory 或 WriteProcessMemory 请求。 (0x12B)
[0906/192455.182:WARNING:pe_image_reader.cc(340)] could not read dos header from C:\Windows\SYSTEM32\WINMMBASE.dll
[0906/192455.182:ERROR:process_memory_win.cc(73)] ReadMemory at 0x7ffc2e810000 of 64 bytes failed: 仅完成部分的 ReadProcessMemory 或 WriteProcessMemory 请求。 (0x12B)
[0906/192455.182:WARNING:pe_image_reader.cc(340)] could not read dos header from C:\Windows\System32\cfgmgr32.dll
[0906/192455.182:ERROR:process_memory_win.cc(73)] ReadMemory at 0x7ffc2a070000 of 64 bytes failed: 仅完成部分的 ReadProcessMemory 或 WriteProcessMemory 请求。 (0x12B)
[0906/192455.182:WARNING:pe_image_reader.cc(340)] could not read dos header from C:\Windows\SYSTEM32\PROPSYS.dll
[0906/192455.182:ERROR:process_memory_win.cc(73)] ReadMemory at 0x7ffc2ef00000 of 64 bytes failed: 仅完成部分的 ReadProcessMemory 或 WriteProcessMemory 请求。 (0x12B)
[0906/192455.182:WARNING:pe_image_reader.cc(340)] could not read dos header from C:\Windows\System32\shcore.dll
[0906/192455.182:ERROR:process_memory_win.cc(73)] ReadMemory at 0x7ffc2d7e0000 of 64 bytes failed: 仅完成部分的 ReadProcessMemory 或 WriteProcessMemory 请求。 (0x12B)
[0906/192455.182:WARNING:pe_image_reader.cc(340)] could not read dos header from C:\Windows\SYSTEM32\SSPICLI.DLL
[0906/192455.182:ERROR:process_memory_win.cc(73)] ReadMemory at 0x7ffc2d2f0000 of 64 bytes failed: 仅完成部分的 ReadProcessMemory 或 WriteProcessMemory 请求。 (0x12B)
[0906/192455.182:WARNING:pe_image_reader.cc(340)] could not read dos header from C:\Windows\SYSTEM32\CRYPTBASE.DLL
[0906/192455.182:ERROR:process_memory_win.cc(73)] ReadMemory at 0x7ff7e5250000 of 64 bytes failed: 仅完成部分的 ReadProcessMemory 或 WriteProcessMemory 请求。 (0x12B)
[0906/192455.182:WARNING:pe_image_reader.cc(340)] could not read dos header from C:\Program Files\Google\Chrome\Application\chrome.exe
[0906/192455.182:ERROR:process_memory_win.cc(73)] ReadMemory at 0x7ffc30a60000 of 64 bytes failed: 仅完成部分的 ReadProcessMemory 或 WriteProcessMemory 请求。 (0x12B)
[0906/192455.182:WARNING:pe_image_reader.cc(340)] could not read dos header from C:\Windows\SYSTEM32\ntdll.dll
[0906/192455.182:ERROR:process_memory_win.cc(73)] ReadMemory at 0x7ffc30960000 of 64 bytes failed: 仅完成部分的 ReadProcessMemory 或 WriteProcessMemory 请求。 (0x12B)
[0906/192455.182:WARNING:pe_image_reader.cc(340)] could not read dos header from C:\Windows\System32\KERNEL32.DLL
[0906/192455.182:ERROR:process_memory_win.cc(73)] ReadMemory at 0x7ffc2e860000 of 64 bytes failed: 仅完成部分的 ReadProcessMemory 或 WriteProcessMemory 请求。 (0x12B)
[0906/192455.182:WARNING:pe_image_reader.cc(340)] could not read dos header from C:\Windows\System32\KERNELBASE.dll
[0906/192455.182:ERROR:process_memory_win.cc(73)] ReadMemory at 0x7ffbfff10000 of 64 bytes failed: 仅完成部分的 ReadProcessMemory 或 WriteProcessMemory 请求。 (0x12B)
[0906/192455.182:WARNING:pe_image_reader.cc(340)] could not read dos header from C:\Program Files\Google\Chrome\Application\85.0.4183.83\chrome_elf.dll
[0906/192455.182:ERROR:process_memory_win.cc(73)] ReadMemory at 0x7ffc2d4f0000 of 64 bytes failed: 仅完成部分的 ReadProcessMemory 或 WriteProcessMemory 请求。 (0x12B)
[0906/192455.182:WARNING:pe_image_reader.cc(340)] could not read dos header from C:\Windows\SYSTEM32\VERSION.dll
[0906/192455.182:ERROR:process_memory_win.cc(73)] ReadMemory at 0x7ffc2f500000 of 64 bytes failed: 仅完成部分的 ReadProcessMemory 或 WriteProcessMemory 请求。 (0x12B)
[0906/192455.182:WARNING:pe_image_reader.cc(340)] could not read dos header from C:\Windows\System32\msvcrt.dll
[0906/192455.182:ERROR:process_memory_win.cc(73)] ReadMemory at 0x7ffc2e640000 of 64 bytes failed: 仅完成部分的 ReadProcessMemory 或 WriteProcessMemory 请求。 (0x12B)
[0906/192455.182:WARNING:pe_image_reader.cc(340)] could not read dos header from C:\Windows\System32\bcryptPrimitives.dll
[0906/192455.182:ERROR:process_memory_win.cc(73)] ReadMemory at 0x7ffc2f450000 of 64 bytes failed: 仅完成部分的 ReadProcessMemory 或 WriteProcessMemory 请求。 (0x12B)
[0906/192455.182:WARNING:pe_image_reader.cc(340)] could not read dos header from C:\Windows\System32\ADVAPI32.dll
[0906/192455.182:ERROR:process_memory_win.cc(73)] ReadMemory at 0x7ffc308c0000 of 64 bytes failed: 仅完成部分的 ReadProcessMemory 或 WriteProcessMemory 请求。 (0x12B)
[0906/192455.182:WARNING:pe_image_reader.cc(340)] could not read dos header from C:\Windows\System32\sechost.dll
[0906/192455.182:ERROR:process_memory_win.cc(73)] ReadMemory at 0x7ffc2eca0000 of 64 bytes failed: 仅完成部分的 ReadProcessMemory 或 WriteProcessMemory 请求。 (0x12B)
[0906/192455.182:WARNING:pe_image_reader.cc(340)] could not read dos header from C:\Windows\System32\RPCRT4.dll
[0906/192455.183:ERROR:process_memory_win.cc(73)] ReadMemory at 0x7ffbd7790000 of 64 bytes failed: 仅完成部分的 ReadProcessMemory 或 WriteProcessMemory 请求。 (0x12B)
[0906/192455.183:WARNING:pe_image_reader.cc(340)] could not read dos header from C:\Program Files\Google\Chrome\Application\85.0.4183.83\chrome.dll
[0906/192455.183:ERROR:process_memory_win.cc(73)] ReadMemory at 0x7ffc30070000 of 64 bytes failed: 仅完成部分的 ReadProcessMemory 或 WriteProcessMemory 请求。 (0x12B)
[0906/192455.183:WARNING:pe_image_reader.cc(340)] could not read dos header from C:\Windows\System32\WS2_32.dll
[0906/192455.183:ERROR:process_memory_win.cc(73)] ReadMemory at 0x7ffc2ffa0000 of 64 bytes failed: 仅完成部分的 ReadProcessMemory 或 WriteProcessMemory 请求。 (0x12B)
[0906/192455.183:WARNING:pe_image_reader.cc(340)] could not read dos header from C:\Windows\System32\OLEAUT32.dll
[0906/192455.183:ERROR:process_memory_win.cc(73)] ReadMemory at 0x7ffc2e540000 of 64 bytes failed: 仅完成部分的 ReadProcessMemory 或 WriteProcessMemory 请求。 (0x12B)
[0906/192455.183:WARNING:pe_image_reader.cc(340)] could not read dos header from C:\Windows\System32\msvcp_win.dll
[0906/192455.183:ERROR:process_memory_win.cc(73)] ReadMemory at 0x7ffc2e250000 of 64 bytes failed: 仅完成部分的 ReadProcessMemory 或 WriteProcessMemory 请求。 (0x12B)
[0906/192455.183:WARNING:pe_image_reader.cc(340)] could not read dos header from C:\Windows\System32\ucrtbase.dll
[0906/192455.183:ERROR:process_memory_win.cc(73)] ReadMemory at 0x7ffc2fa40000 of 64 bytes failed: 仅完成部分的 ReadProcessMemory 或 WriteProcessMemory 请求。 (0x12B)
[0906/192455.183:WARNING:pe_image_reader.cc(340)] could not read dos header from C:\Windows\System32\combase.dll
[0906/192455.183:ERROR:process_memory_win.cc(73)] ReadMemory at 0x7ffc2e5e0000 of 64 bytes failed: 仅完成部分的 ReadProcessMemory 或 WriteProcessMemory 请求。 (0x12B)
[0906/192455.183:WARNING:pe_image_reader.cc(340)] could not read dos header from C:\Windows\System32\WINTRUST.dll
[0906/192455.183:ERROR:process_memory_win.cc(73)] ReadMemory at 0x7ffc2d9b0000 of 64 bytes failed: 仅完成部分的 ReadProcessMemory 或 WriteProcessMemory 请求。 (0x12B)
[0906/192455.183:WARNING:pe_image_reader.cc(340)] could not read dos header from C:\Windows\System32\MSASN1.dll
[0906/192455.183:ERROR:process_memory_win.cc(73)] ReadMemory at 0x7ffc2e6c0000 of 64 bytes failed: 仅完成部分的 ReadProcessMemory 或 WriteProcessMemory 请求。 (0x12B)
[0906/192455.183:WARNING:pe_image_reader.cc(340)] could not read dos header from C:\Windows\System32\CRYPT32.dll
[0906/192455.183:ERROR:process_memory_win.cc(73)] ReadMemory at 0x7ffc2ce30000 of 64 bytes failed: 仅完成部分的 ReadProcessMemory 或 WriteProcessMemory 请求。 (0x12B)
[0906/192455.183:WARNING:pe_image_reader.cc(340)] could not read dos header from C:\Windows\SYSTEM32\IPHLPAPI.DLL
[0906/192455.183:ERROR:process_memory_win.cc(73)] ReadMemory at 0x7ffc22810000 of 64 bytes failed: 仅完成部分的 ReadProcessMemory 或 WriteProcessMemory 请求。 (0x12B)
[0906/192455.183:WARNING:pe_image_reader.cc(340)] could not read dos header from C:\Windows\SYSTEM32\WINMM.dll
[0906/192455.183:ERROR:process_memory_win.cc(73)] ReadMemory at 0x7ffc06c20000 of 64 bytes failed: 仅完成部分的 ReadProcessMemory 或 WriteProcessMemory 请求。 (0x12B)
[0906/192455.183:WARNING:pe_image_reader.cc(340)] could not read dos header from C:\Windows\SYSTEM32\UIAutomationCore.DLL
[0906/192455.183:ERROR:process_memory_win.cc(73)] ReadMemory at 0x7ffc19c50000 of 64 bytes failed: 仅完成部分的 ReadProcessMemory 或 WriteProcessMemory 请求。 (0x12B)
[0906/192455.183:WARNING:pe_image_reader.cc(340)] could not read dos header from C:\Windows\SYSTEM32\Secur32.dll
[0906/192455.183:ERROR:process_memory_win.cc(73)] ReadMemory at 0x7ffc2d810000 of 64 bytes failed: 仅完成部分的 ReadProcessMemory 或 WriteProcessMemory 请求。 (0x12B)
[0906/192455.183:WARNING:pe_image_reader.cc(340)] could not read dos header from C:\Windows\SYSTEM32\USERENV.dll
[0906/192455.183:ERROR:process_memory_win.cc(73)] ReadMemory at 0x7ffc2d900000 of 64 bytes failed: 仅完成部分的 ReadProcessMemory 或 WriteProcessMemory 请求。 (0x12B)
[0906/192455.183:WARNING:pe_image_reader.cc(340)] could not read dos header from C:\Windows\System32\profapi.dll
[0906/192455.183:ERROR:process_memory_win.cc(73)] ReadMemory at 0x7ffc1bfd0000 of 64 bytes failed: 仅完成部分的 ReadProcessMemory 或 WriteProcessMemory 请求。 (0x12B)
[0906/192455.183:WARNING:pe_image_reader.cc(340)] could not read dos header from C:\Windows\SYSTEM32\DWrite.dll
[0906/192455.183:ERROR:process_memory_win.cc(73)] ReadMemory at 0x7ffc24e00000 of 64 bytes failed: 仅完成部分的 ReadProcessMemory 或 WriteProcessMemory 请求。 (0x12B)
[0906/192455.183:WARNING:pe_image_reader.cc(340)] could not read dos header from C:\Windows\SYSTEM32\WINSPOOL.DRV
[0906/192455.183:ERROR:process_memory_win.cc(73)] ReadMemory at 0x7ffc2d9d0000 of 64 bytes failed: 仅完成部分的 ReadProcessMemory 或 WriteProcessMemory 请求。 (0x12B)
[0906/192455.183:WARNING:pe_image_reader.cc(340)] could not read dos header from C:\Windows\System32\kernel.appcore.dll
[0906/192455.183:ERROR:process_memory_win.cc(73)] ReadMemory at 0x7ffc2d9f0000 of 64 bytes failed: 仅完成部分的 ReadProcessMemory 或 WriteProcessMemory 请求。 (0x12B)
[0906/192455.183:WARNING:pe_image_reader.cc(340)] could not read dos header from C:\Windows\System32\bcrypt.dll
[0906/192455.183:ERROR:process_memory_win.cc(73)] ReadMemory at 0x7ffc2c2b0000 of 64 bytes failed: 仅完成部分的 ReadProcessMemory 或 WriteProcessMemory 请求。 (0x12B)
[0906/192455.183:WARNING:pe_image_reader.cc(340)] could not read dos header from C:\Windows\SYSTEM32\dbghelp.dll
[0906/192455.183:ERROR:process_memory_win.cc(73)] ReadMemory at 0x7ffc23800000 of 64 bytes failed: 仅完成部分的 ReadProcessMemory 或 WriteProcessMemory 请求。 (0x12B)
[0906/192455.183:WARNING:pe_image_reader.cc(340)] could not read dos header from C:\Windows\SYSTEM32\WINHTTP.dll
[0906/192455.183:ERROR:process_memory_win.cc(73)] ReadMemory at 0x7ffc26850000 of 64 bytes failed: 仅完成部分的 ReadProcessMemory 或 WriteProcessMemory 请求。 (0x12B)
[0906/192455.183:WARNING:pe_image_reader.cc(340)] could not read dos header from C:\Windows\SYSTEM32\dhcpcsvc.DLL
[0906/192455.183:ERROR:process_memory_win.cc(73)] ReadMemory at 0x7ffc2f740000 of 64 bytes failed: 仅完成部分的 ReadProcessMemory 或 WriteProcessMemory 请求。 (0x12B)
[0906/192455.183:WARNING:pe_image_reader.cc(340)] could not read dos header from C:\Windows\System32\NSI.dll
[0906/192455.184:ERROR:process_memory_win.cc(73)] ReadMemory at 0x7ffc227e0000 of 64 bytes failed: 仅完成部分的 ReadProcessMemory 或 WriteProcessMemory 请求。 (0x12B)
[0906/192455.184:WARNING:pe_image_reader.cc(340)] could not read dos header from C:\Windows\SYSTEM32\WINMMBASE.dll
[0906/192455.184:ERROR:process_memory_win.cc(73)] ReadMemory at 0x7ffc2e810000 of 64 bytes failed: 仅完成部分的 ReadProcessMemory 或 WriteProcessMemory 请求。 (0x12B)
[0906/192455.184:WARNING:pe_image_reader.cc(340)] could not read dos header from C:\Windows\System32\cfgmgr32.dll
[0906/192455.184:ERROR:process_memory_win.cc(73)] ReadMemory at 0x7ffc2a070000 of 64 bytes failed: 仅完成部分的 ReadProcessMemory 或 WriteProcessMemory 请求。 (0x12B)
[0906/192455.184:WARNING:pe_image_reader.cc(340)] could not read dos header from C:\Windows\SYSTEM32\PROPSYS.dll
[0906/192455.184:ERROR:process_memory_win.cc(73)] ReadMemory at 0x7ffc2ef00000 of 64 bytes failed: 仅完成部分的 ReadProcessMemory 或 WriteProcessMemory 请求。 (0x12B)
[0906/192455.184:WARNING:pe_image_reader.cc(340)] could not read dos header from C:\Windows\System32\shcore.dll
[0906/192455.184:ERROR:process_memory_win.cc(73)] ReadMemory at 0x7ffc2d7e0000 of 64 bytes failed: 仅完成部分的 ReadProcessMemory 或 WriteProcessMemory 请求。 (0x12B)
[0906/192455.184:WARNING:pe_image_reader.cc(340)] could not read dos header from C:\Windows\SYSTEM32\SSPICLI.DLL
[0906/192455.184:ERROR:process_memory_win.cc(73)] ReadMemory at 0x7ffc2d2f0000 of 64 bytes failed: 仅完成部分的 ReadProcessMemory 或 WriteProcessMemory 请求。 (0x12B)
[0906/192455.184:WARNING:pe_image_reader.cc(340)] could not read dos header from C:\Windows\SYSTEM32\CRYPTBASE.DLL
[0906/192455.195:ERROR:process_memory_win.cc(73)] ReadMemory at 0xe7485f9000 of 28672 bytes failed: 仅完成部分的 ReadProcessMemory 或 WriteProcessMemory 请求。 (0x12B)
[0906/192455.195:ERROR:process_memory_win.cc(73)] ReadMemory at 0xe748dfd000 of 12288 bytes failed: 仅完成部分的 ReadProcessMemory 或 WriteProcessMemory 请求。 (0x12B)
[0906/192455.195:ERROR:process_memory_win.cc(73)] ReadMemory at 0xe7495fd000 of 12288 bytes failed: 仅完成部分的 ReadProcessMemory 或 WriteProcessMemory 请求。 (0x12B)
[0906/192455.195:ERROR:process_memory_win.cc(73)] ReadMemory at 0xe749dfc000 of 16384 bytes failed: 仅完成部分的 ReadProcessMemory 或 WriteProcessMemory 请求。 (0x12B)
[0906/192455.195:ERROR:process_memory_win.cc(73)] ReadMemory at 0xe74a5fc000 of 16384 bytes failed: 仅完成部分的 ReadProcessMemory 或 WriteProcessMemory 请求。 (0x12B)
[0906/192455.195:ERROR:process_memory_win.cc(73)] ReadMemory at 0xe74adfe000 of 8192 bytes failed: 仅完成部分的 ReadProcessMemory 或 WriteProcessMemory 请求。 (0x12B)
[0906/192455.195:ERROR:process_memory_win.cc(73)] ReadMemory at 0xe74b5fd000 of 12288 bytes failed: 仅完成部分的 ReadProcessMemory 或 WriteProcessMemory 请求。 (0x12B)
[0906/192455.195:ERROR:process_memory_win.cc(73)] ReadMemory at 0xe74bdfd000 of 12288 bytes failed: 仅完成部分的 ReadProcessMemory 或 WriteProcessMemory 请求。 (0x12B)
[0906/192455.195:ERROR:process_memory_win.cc(73)] ReadMemory at 0xe74cdfd000 of 12288 bytes failed: 仅完成部分的 ReadProcessMemory 或 WriteProcessMemory 请求。 (0x12B)
[0906/192455.196:ERROR:process_memory_win.cc(73)] ReadMemory at 0xe74d5fd000 of 12288 bytes failed: 仅完成部分的 ReadProcessMemory 或 WriteProcessMemory 请求。 (0x12B)
[0906/192455.196:ERROR:process_memory_win.cc(73)] ReadMemory at 0xe74ddfd000 of 12288 bytes failed: 仅完成部分的 ReadProcessMemory 或 WriteProcessMemory 请求。 (0x12B)
[0906/192455.196:ERROR:process_memory_win.cc(73)] ReadMemory at 0xe74e5fd000 of 12288 bytes failed: 仅完成部分的 ReadProcessMemory 或 WriteProcessMemory 请求。 (0x12B)
[0906/192455.196:ERROR:process_memory_win.cc(73)] ReadMemory at 0xe74edfd000 of 12288 bytes failed: 仅完成部分的 ReadProcessMemory 或 WriteProcessMemory 请求。 (0x12B)
[0906/192455.196:ERROR:process_memory_win.cc(73)] ReadMemory at 0xe74f5fd000 of 12288 bytes failed: 仅完成部分的 ReadProcessMemory 或 WriteProcessMemory 请求。 (0x12B)
[0906/192455.196:ERROR:process_memory_win.cc(73)] ReadMemory at 0xe747c18000 of 852 bytes failed: 仅完成部分的 ReadProcessMemory 或 WriteProcessMemory 请求。 (0x12B)
[0906/192455.196:ERROR:process_memory_win.cc(73)] ReadMemory at 0xe747c19000 of 6024 bytes failed: 仅完成部分的 ReadProcessMemory 或 WriteProcessMemory 请求。 (0x12B)
[0906/192455.196:ERROR:process_memory_win.cc(73)] ReadMemory at 0xe747c1b000 of 6024 bytes failed: 仅完成部分的 ReadProcessMemory 或 WriteProcessMemory 请求。 (0x12B)
[0906/192455.196:ERROR:process_memory_win.cc(73)] ReadMemory at 0xe747c1d000 of 6024 bytes failed: 仅完成部分的 ReadProcessMemory 或 WriteProcessMemory 请求。 (0x12B)
[0906/192455.196:ERROR:process_memory_win.cc(73)] ReadMemory at 0xe747c1f000 of 6024 bytes failed: 仅完成部分的 ReadProcessMemory 或 WriteProcessMemory 请求。 (0x12B)
[0906/192455.196:ERROR:process_memory_win.cc(73)] ReadMemory at 0xe747c21000 of 6024 bytes failed: 仅完成部分的 ReadProcessMemory 或 WriteProcessMemory 请求。 (0x12B)
[0906/192455.196:ERROR:process_memory_win.cc(73)] ReadMemory at 0xe747c23000 of 6024 bytes failed: 仅完成部分的 ReadProcessMemory 或 WriteProcessMemory 请求。 (0x12B)
[0906/192455.196:ERROR:process_memory_win.cc(73)] ReadMemory at 0xe747c25000 of 6024 bytes failed: 仅完成部分的 ReadProcessMemory 或 WriteProcessMemory 请求。 (0x12B)
[0906/192455.196:ERROR:process_memory_win.cc(73)] ReadMemory at 0xe747c27000 of 6024 bytes failed: 仅完成部分的 ReadProcessMemory 或 WriteProcessMemory 请求。 (0x12B)
[0906/192455.196:ERROR:process_memory_win.cc(73)] ReadMemory at 0xe747c2b000 of 6024 bytes failed: 仅完成部分的 ReadProcessMemory 或 WriteProcessMemory 请求。 (0x12B)
[0906/192455.196:ERROR:process_memory_win.cc(73)] ReadMemory at 0xe747c2d000 of 6024 bytes failed: 仅完成部分的 ReadProcessMemory 或 WriteProcessMemory 请求。 (0x12B)
[0906/192455.196:ERROR:process_memory_win.cc(73)] ReadMemory at 0xe747c2f000 of 6024 bytes failed: 仅完成部分的 ReadProcessMemory 或 WriteProcessMemory 请求。 (0x12B)
[0906/192455.197:ERROR:process_memory_win.cc(73)] ReadMemory at 0xe747c31000 of 6024 bytes failed: 仅完成部分的 ReadProcessMemory 或 WriteProcessMemory 请求。 (0x12B)
[0906/192455.197:ERROR:process_memory_win.cc(73)] ReadMemory at 0xe747c33000 of 6024 bytes failed: 仅完成部分的 ReadProcessMemory 或 WriteProcessMemory 请求。 (0x12B)
[0906/192455.197:ERROR:process_memory_win.cc(73)] ReadMemory at 0xe747c35000 of 6024 bytes failed: 仅完成部分的 ReadProcessMemory 或 WriteProcessMemory 请求。 (0x12B)
[0906/192455.197:ERROR:process_memory_win.cc(73)] ReadMemory at 0x23516ac0fe0 of 3512 bytes failed: 仅完成部分的 ReadProcessMemory 或 WriteProcessMemory 请求。 (0x12B)
[0906/192455.197:ERROR:process_memory_win.cc(73)] ReadMemory at 0x23516ac1da0 of 1012 bytes failed: 仅完成部分的 ReadProcessMemory 或 WriteProcessMemory 请求。 (0x12B)
[0906/192455.197:ERROR:process_memory_win.cc(73)] ReadMemory at 0x23516ac23e8 of 106 bytes failed: 仅完成部分的 ReadProcessMemory 或 WriteProcessMemory 请求。 (0x12B)
[0906/192455.197:ERROR:process_memory_win.cc(73)] ReadMemory at 0x23516ac2454 of 748 bytes failed: 仅完成部分的 ReadProcessMemory 或 WriteProcessMemory 请求。 (0x12B)
[0906/192455.197:ERROR:process_memory_win.cc(73)] ReadMemory at 0x23516ac2742 of 106 bytes failed: 仅完成部分的 ReadProcessMemory 或 WriteProcessMemory 请求。 (0x12B)
[0906/192455.197:ERROR:process_memory_win.cc(73)] ReadMemory at 0x23516ac27ae of 96 bytes failed: 仅完成部分的 ReadProcessMemory 或 WriteProcessMemory 请求。 (0x12B)
[0906/192455.197:ERROR:process_memory_win.cc(73)] ReadMemory at 0x23516ac2820 of 58 bytes failed: 仅完成部分的 ReadProcessMemory 或 WriteProcessMemory 请求。 (0x12B)
[0906/192455.197:ERROR:process_memory_win.cc(73)] ReadMemory at 0x23516ac2920 of 132 bytes failed: 仅完成部分的 ReadProcessMemory 或 WriteProcessMemory 请求。 (0x12B)
[0906/192455.197:ERROR:process_memory_win.cc(73)] ReadMemory at 0x23516ac2ab0 of 132 bytes failed: 仅完成部分的 ReadProcessMemory 或 WriteProcessMemory 请求。 (0x12B)
[0906/192455.197:ERROR:process_memory_win.cc(73)] ReadMemory at 0x23516ac2c70 of 112 bytes failed: 仅完成部分的 ReadProcessMemory 或 WriteProcessMemory 请求。 (0x12B)
[0906/192455.197:ERROR:process_memory_win.cc(73)] ReadMemory at 0x23516ac3050 of 132 bytes failed: 仅完成部分的 ReadProcessMemory 或 WriteProcessMemory 请求。 (0x12B)
[0906/192455.197:ERROR:process_memory_win.cc(73)] ReadMemory at 0x23516ac31e0 of 64 bytes failed: 仅完成部分的 ReadProcessMemory 或 WriteProcessMemory 请求。 (0x12B)
[0906/192455.197:ERROR:process_memory_win.cc(73)] ReadMemory at 0x23516ac3390 of 132 bytes failed: 仅完成部分的 ReadProcessMemory 或 WriteProcessMemory 请求。 (0x12B)
[0906/192455.197:ERROR:process_memory_win.cc(73)] ReadMemory at 0x23516ac3640 of 132 bytes failed: 仅完成部分的 ReadProcessMemory 或 WriteProcessMemory 请求。 (0x12B)
[0906/192455.197:ERROR:process_memory_win.cc(73)] ReadMemory at 0x23516ac37d0 of 68 bytes failed: 仅完成部分的 ReadProcessMemory 或 WriteProcessMemory 请求。 (0x12B)
[0906/192455.197:ERROR:process_memory_win.cc(73)] ReadMemory at 0x23516ac4830 of 132 bytes failed: 仅完成部分的 ReadProcessMemory 或 WriteProcessMemory 请求。 (0x12B)
[0906/192455.198:ERROR:process_memory_win.cc(73)] ReadMemory at 0x23516ac4960 of 140 bytes failed: 仅完成部分的 ReadProcessMemory 或 WriteProcessMemory 请求。 (0x12B)
[0906/192455.198:ERROR:process_memory_win.cc(73)] ReadMemory at 0x23516ac5160 of 62 bytes failed: 仅完成部分的 ReadProcessMemory 或 WriteProcessMemory 请求。 (0x12B)
[0906/192455.198:ERROR:process_memory_win.cc(73)] ReadMemory at 0x23516ac5720 of 132 bytes failed: 仅完成部分的 ReadProcessMemory 或 WriteProcessMemory 请求。 (0x12B)
[0906/192455.198:ERROR:process_memory_win.cc(73)] ReadMemory at 0x23516ac5850 of 60 bytes failed: 仅完成部分的 ReadProcessMemory 或 WriteProcessMemory 请求。 (0x12B)
[0906/192455.198:ERROR:process_memory_win.cc(73)] ReadMemory at 0x23516acd600 of 62 bytes failed: 仅完成部分的 ReadProcessMemory 或 WriteProcessMemory 请求。 (0x12B)
[0906/192455.198:ERROR:process_memory_win.cc(73)] ReadMemory at 0x23516ad1600 of 132 bytes failed: 仅完成部分的 ReadProcessMemory 或 WriteProcessMemory 请求。 (0x12B)
[0906/192455.198:ERROR:process_memory_win.cc(73)] ReadMemory at 0x23516ad2560 of 80 bytes failed: 仅完成部分的 ReadProcessMemory 或 WriteProcessMemory 请求。 (0x12B)
[0906/192455.198:ERROR:process_memory_win.cc(73)] ReadMemory at 0x23516ad2800 of 76 bytes failed: 仅完成部分的 ReadProcessMemory 或 WriteProcessMemory 请求。 (0x12B)
[0906/192455.198:ERROR:process_memory_win.cc(73)] ReadMemory at 0x23516ad2b40 of 132 bytes failed: 仅完成部分的 ReadProcessMemory 或 WriteProcessMemory 请求。 (0x12B)
[0906/192455.198:ERROR:process_memory_win.cc(73)] ReadMemory at 0x23516ad2f70 of 132 bytes failed: 仅完成部分的 ReadProcessMemory 或 WriteProcessMemory 请求。 (0x12B)
[0906/192455.198:ERROR:process_memory_win.cc(73)] ReadMemory at 0x23516ad3470 of 132 bytes failed: 仅完成部分的 ReadProcessMemory 或 WriteProcessMemory 请求。 (0x12B)
[0906/192455.198:ERROR:process_memory_win.cc(73)] ReadMemory at 0x23516ad3ea0 of 132 bytes failed: 仅完成部分的 ReadProcessMemory 或 WriteProcessMemory 请求。 (0x12B)
[0906/192455.198:ERROR:process_memory_win.cc(73)] ReadMemory at 0x23516ad51e0 of 132 bytes failed: 仅完成部分的 ReadProcessMemory 或 WriteProcessMemory 请求。 (0x12B)
[0906/192455.198:ERROR:process_memory_win.cc(73)] ReadMemory at 0x23516ad5310 of 132 bytes failed: 仅完成部分的 ReadProcessMemory 或 WriteProcessMemory 请求。 (0x12B)
[0906/192455.198:ERROR:process_memory_win.cc(73)] ReadMemory at 0x23516ad5440 of 132 bytes failed: 仅完成部分的 ReadProcessMemory 或 WriteProcessMemory 请求。 (0x12B)
[0906/192455.198:ERROR:process_memory_win.cc(73)] ReadMemory at 0x23516ad5570 of 132 bytes failed: 仅完成部分的 ReadProcessMemory 或 WriteProcessMemory 请求。 (0x12B)
[0906/192455.198:ERROR:process_memory_win.cc(73)] ReadMemory at 0x23516ad56a0 of 132 bytes failed: 仅完成部分的 ReadProcessMemory 或 WriteProcessMemory 请求。 (0x12B)
[0906/192455.198:ERROR:process_memory_win.cc(73)] ReadMemory at 0x23516ad57d0 of 132 bytes failed: 仅完成部分的 ReadProcessMemory 或 WriteProcessMemory 请求。 (0x12B)
[0906/192455.198:ERROR:process_memory_win.cc(73)] ReadMemory at 0x23516ad5900 of 132 bytes failed: 仅完成部分的 ReadProcessMemory 或 WriteProcessMemory 请求。 (0x12B)
[0906/192455.198:ERROR:process_memory_win.cc(73)] ReadMemory at 0x23516ad5a30 of 132 bytes failed: 仅完成部分的 ReadProcessMemory 或 WriteProcessMemory 请求。 (0x12B)
[0906/192455.198:ERROR:process_memory_win.cc(73)] ReadMemory at 0x23516ad5b60 of 132 bytes failed: 仅完成部分的 ReadProcessMemory 或 WriteProcessMemory 请求。 (0x12B)
[0906/192455.198:ERROR:process_memory_win.cc(73)] ReadMemory at 0x23516ad5dc0 of 132 bytes failed: 仅完成部分的 ReadProcessMemory 或 WriteProcessMemory 请求。 (0x12B)
[0906/192455.199:ERROR:process_memory_win.cc(73)] ReadMemory at 0x23516ad5ef0 of 132 bytes failed: 仅完成部分的 ReadProcessMemory 或 WriteProcessMemory 请求。 (0x12B)
[0906/192455.199:ERROR:process_memory_win.cc(73)] ReadMemory at 0x23516ad6020 of 132 bytes failed: 仅完成部分的 ReadProcessMemory 或 WriteProcessMemory 请求。 (0x12B)
[0906/192455.199:ERROR:process_memory_win.cc(73)] ReadMemory at 0x23516ad7980 of 132 bytes failed: 仅完成部分的 ReadProcessMemory 或 WriteProcessMemory 请求。 (0x12B)
[0906/192455.199:ERROR:process_memory_win.cc(73)] ReadMemory at 0x23516ad9840 of 64 bytes failed: 仅完成部分的 ReadProcessMemory 或 WriteProcessMemory 请求。 (0x12B)
[0906/192455.199:ERROR:process_memory_win.cc(73)] ReadMemory at 0x23516ad98e0 of 62 bytes failed: 仅完成部分的 ReadProcessMemory 或 WriteProcessMemory 请求。 (0x12B)
[0906/192455.199:ERROR:process_memory_win.cc(73)] ReadMemory at 0x23516ad9980 of 64 bytes failed: 仅完成部分的 ReadProcessMemory 或 WriteProcessMemory 请求。 (0x12B)
[0906/192455.199:ERROR:process_memory_win.cc(73)] ReadMemory at 0x23516ad9a20 of 64 bytes failed: 仅完成部分的 ReadProcessMemory 或 WriteProcessMemory 请求。 (0x12B)
[0906/192455.199:ERROR:process_memory_win.cc(73)] ReadMemory at 0x23516ad9ac0 of 60 bytes failed: 仅完成部分的 ReadProcessMemory 或 WriteProcessMemory 请求。 (0x12B)
[0906/192455.199:ERROR:process_memory_win.cc(73)] ReadMemory at 0x23516ad9b10 of 64 bytes failed: 仅完成部分的 ReadProcessMemory 或 WriteProcessMemory 请求。 (0x12B)
[0906/192455.199:ERROR:process_memory_win.cc(73)] ReadMemory at 0x23516ad9b60 of 66 bytes failed: 仅完成部分的 ReadProcessMemory 或 WriteProcessMemory 请求。 (0x12B)
[0906/192455.199:ERROR:process_memory_win.cc(73)] ReadMemory at 0x23516ad9c00 of 64 bytes failed: 仅完成部分的 ReadProcessMemory 或 WriteProcessMemory 请求。 (0x12B)
[0906/192455.199:ERROR:process_memory_win.cc(73)] ReadMemory at 0x23516ad9c50 of 62 bytes failed: 仅完成部分的 ReadProcessMemory 或 WriteProcessMemory 请求。 (0x12B)
[0906/192455.199:ERROR:process_memory_win.cc(73)] ReadMemory at 0x23516ad9cf0 of 64 bytes failed: 仅完成部分的 ReadProcessMemory 或 WriteProcessMemory 请求。 (0x12B)
[0906/192455.199:ERROR:process_memory_win.cc(73)] ReadMemory at 0x23516ad9de0 of 60 bytes failed: 仅完成部分的 ReadProcessMemory 或 WriteProcessMemory 请求。 (0x12B)
[0906/192455.199:ERROR:process_memory_win.cc(73)] ReadMemory at 0x23516ad9e30 of 60 bytes failed: 仅完成部分的 ReadProcessMemory 或 WriteProcessMemory 请求。 (0x12B)
[0906/192455.199:ERROR:process_memory_win.cc(73)] ReadMemory at 0x23516ad9e80 of 62 bytes failed: 仅完成部分的 ReadProcessMemory 或 WriteProcessMemory 请求。 (0x12B)
[0906/192455.199:ERROR:process_memory_win.cc(73)] ReadMemory at 0x23516ad9f20 of 62 bytes failed: 仅完成部分的 ReadProcessMemory 或 WriteProcessMemory 请求。 (0x12B)
[0906/192455.199:ERROR:process_memory_win.cc(73)] ReadMemory at 0x23516ad9fc0 of 62 bytes failed: 仅完成部分的 ReadProcessMemory 或 WriteProcessMemory 请求。 (0x12B)
[0906/192455.199:ERROR:process_memory_win.cc(73)] ReadMemory at 0x23516ada010 of 62 bytes failed: 仅完成部分的 ReadProcessMemory 或 WriteProcessMemory 请求。 (0x12B)
[0906/192455.199:ERROR:process_memory_win.cc(73)] ReadMemory at 0x23516ada100 of 62 bytes failed: 仅完成部分的 ReadProcessMemory 或 WriteProcessMemory 请求。 (0x12B)
[0906/192455.199:ERROR:process_memory_win.cc(73)] ReadMemory at 0x23516ada150 of 60 bytes failed: 仅完成部分的 ReadProcessMemory 或 WriteProcessMemory 请求。 (0x12B)
[0906/192455.200:ERROR:process_memory_win.cc(73)] ReadMemory at 0x23516ada1f0 of 66 bytes failed: 仅完成部分的 ReadProcessMemory 或 WriteProcessMemory 请求。 (0x12B)
[0906/192455.200:ERROR:process_memory_win.cc(73)] ReadMemory at 0x23516ada2e0 of 60 bytes failed: 仅完成部分的 ReadProcessMemory 或 WriteProcessMemory 请求。 (0x12B)
[0906/192455.200:ERROR:process_memory_win.cc(73)] ReadMemory at 0x23516ada380 of 64 bytes failed: 仅完成部分的 ReadProcessMemory 或 WriteProcessMemory 请求。 (0x12B)
[0906/192455.200:ERROR:process_memory_win.cc(73)] ReadMemory at 0x23516ada3d0 of 58 bytes failed: 仅完成部分的 ReadProcessMemory 或 WriteProcessMemory 请求。 (0x12B)
[0906/192455.200:ERROR:process_memory_win.cc(73)] ReadMemory at 0x23516ada510 of 60 bytes failed: 仅完成部分的 ReadProcessMemory 或 WriteProcessMemory 请求。 (0x12B)
[0906/192455.200:ERROR:process_memory_win.cc(73)] ReadMemory at 0x23516ada560 of 64 bytes failed: 仅完成部分的 ReadProcessMemory 或 WriteProcessMemory 请求。 (0x12B)
[0906/192455.200:ERROR:process_memory_win.cc(73)] ReadMemory at 0x23516ada740 of 62 bytes failed: 仅完成部分的 ReadProcessMemory 或 WriteProcessMemory 请求。 (0x12B)
[0906/192455.200:ERROR:process_memory_win.cc(73)] ReadMemory at 0x23516ada790 of 62 bytes failed: 仅完成部分的 ReadProcessMemory 或 WriteProcessMemory 请求。 (0x12B)
[0906/192455.200:ERROR:process_memory_win.cc(73)] ReadMemory at 0x23516adb6f0 of 80 bytes failed: 仅完成部分的 ReadProcessMemory 或 WriteProcessMemory 请求。 (0x12B)
[0906/192455.200:ERROR:process_memory_win.cc(73)] ReadMemory at 0x23516addbf0 of 54 bytes failed: 仅完成部分的 ReadProcessMemory 或 WriteProcessMemory 请求。 (0x12B)
[0906/192455.200:ERROR:process_memory_win.cc(73)] ReadMemory at 0x23516ade450 of 132 bytes failed: 仅完成部分的 ReadProcessMemory 或 WriteProcessMemory 请求。 (0x12B)
[0906/192455.200:ERROR:process_memory_win.cc(73)] ReadMemory at 0x23516ade680 of 132 bytes failed: 仅完成部分的 ReadProcessMemory 或 WriteProcessMemory 请求。 (0x12B)
[0906/192455.200:ERROR:process_memory_win.cc(73)] ReadMemory at 0x23516ade8a0 of 132 bytes failed: 仅完成部分的 ReadProcessMemory 或 WriteProcessMemory 请求。 (0x12B)
[0906/192455.200:ERROR:process_memory_win.cc(73)] ReadMemory at 0x23516adec00 of 132 bytes failed: 仅完成部分的 ReadProcessMemory 或 WriteProcessMemory 请求。 (0x12B)
[0906/192455.200:ERROR:process_memory_win.cc(73)] ReadMemory at 0x23516adee10 of 132 bytes failed: 仅完成部分的 ReadProcessMemory 或 WriteProcessMemory 请求。 (0x12B)
[0906/192455.200:ERROR:process_memory_win.cc(73)] ReadMemory at 0x23516adf970 of 132 bytes failed: 仅完成部分的 ReadProcessMemory 或 WriteProcessMemory 请求。 (0x12B)
[0906/192455.200:ERROR:process_memory_win.cc(73)] ReadMemory at 0x23516adfaa0 of 132 bytes failed: 仅完成部分的 ReadProcessMemory 或 WriteProcessMemory 请求。 (0x12B)
[0906/192455.200:ERROR:process_memory_win.cc(73)] ReadMemory at 0x23516adfd00 of 132 bytes failed: 仅完成部分的 ReadProcessMemory 或 WriteProcessMemory 请求。 (0x12B)
[0906/192455.200:ERROR:process_memory_win.cc(73)] ReadMemory at 0x23516ae02f0 of 132 bytes failed: 仅完成部分的 ReadProcessMemory 或 WriteProcessMemory 请求。 (0x12B)
[0906/192455.200:ERROR:process_memory_win.cc(73)] ReadMemory at 0x23516ae0550 of 132 bytes failed: 仅完成部分的 ReadProcessMemory 或 WriteProcessMemory 请求。 (0x12B)
[0906/192455.200:ERROR:process_memory_win.cc(73)] ReadMemory at 0x23516ae0c70 of 132 bytes failed: 仅完成部分的 ReadProcessMemory 或 WriteProcessMemory 请求。 (0x12B)
[0906/192455.201:ERROR:process_memory_win.cc(73)] ReadMemory at 0x23516ae1130 of 132 bytes failed: 仅完成部分的 ReadProcessMemory 或 WriteProcessMemory 请求。 (0x12B)
[0906/192455.201:ERROR:process_memory_win.cc(73)] ReadMemory at 0x23516ae1260 of 132 bytes failed: 仅完成部分的 ReadProcessMemory 或 WriteProcessMemory 请求。 (0x12B)
[0906/192455.201:ERROR:process_memory_win.cc(73)] ReadMemory at 0x23516ae1390 of 132 bytes failed: 仅完成部分的 ReadProcessMemory 或 WriteProcessMemory 请求。 (0x12B)
[0906/192455.201:ERROR:process_memory_win.cc(73)] ReadMemory at 0x23516ae14c0 of 132 bytes failed: 仅完成部分的 ReadProcessMemory 或 WriteProcessMemory 请求。 (0x12B)
[0906/192455.201:ERROR:process_memory_win.cc(73)] ReadMemory at 0x23516b293d0 of 512 bytes failed: 仅完成部分的 ReadProcessMemory 或 WriteProcessMemory 请求。 (0x12B)
[0906/192455.201:ERROR:process_memory_win.cc(73)] ReadMemory at 0x23516b2a650 of 512 bytes failed: 仅完成部分的 ReadProcessMemory 或 WriteProcessMemory 请求。 (0x12B)
[0906/192455.201:ERROR:process_memory_win.cc(73)] ReadMemory at 0x23516b3c510 of 512 bytes failed: 仅完成部分的 ReadProcessMemory 或 WriteProcessMemory 请求。 (0x12B)
[0906/192455.201:ERROR:process_memory_win.cc(73)] ReadMemory at 0x23516b3cad0 of 512 bytes failed: 仅完成部分的 ReadProcessMemory 或 WriteProcessMemory 请求。 (0x12B)
[0906/192455.201:ERROR:process_memory_win.cc(73)] ReadMemory at 0x23516b3e4b0 of 512 bytes failed: 仅完成部分的 ReadProcessMemory 或 WriteProcessMemory 请求。 (0x12B)
[0906/192455.201:ERROR:process_memory_win.cc(73)] ReadMemory at 0x23516b57180 of 512 bytes failed: 仅完成部分的 ReadProcessMemory 或 WriteProcessMemory 请求。 (0x12B)
[0906/192455.201:ERROR:process_memory_win.cc(73)] ReadMemory at 0x23516b5c1d0 of 512 bytes failed: 仅完成部分的 ReadProcessMemory 或 WriteProcessMemory 请求。 (0x12B)
[0906/192455.201:ERROR:process_memory_win.cc(73)] ReadMemory at 0x23516b5eb60 of 712 bytes failed: 仅完成部分的 ReadProcessMemory 或 WriteProcessMemory 请求。 (0x12B)
[0906/192455.201:ERROR:process_memory_win.cc(73)] ReadMemory at 0x23516b67500 of 512 bytes failed: 仅完成部分的 ReadProcessMemory 或 WriteProcessMemory 请求。 (0x12B)
[0906/192455.201:ERROR:process_memory_win.cc(73)] ReadMemory at 0x23516d60c40 of 512 bytes failed: 仅完成部分的 ReadProcessMemory 或 WriteProcessMemory 请求。 (0x12B)
[0906/192455.201:ERROR:process_memory_win.cc(73)] ReadMemory at 0x23516d61000 of 512 bytes failed: 仅完成部分的 ReadProcessMemory 或 WriteProcessMemory 请求。 (0x12B)
[0906/192455.201:ERROR:process_memory_win.cc(73)] ReadMemory at 0x23518510000 of 384 bytes failed: 仅完成部分的 ReadProcessMemory 或 WriteProcessMemory 请求。 (0x12B)
[0906/192455.201:ERROR:process_memory_win.cc(73)] ReadMemory at 0x2351851de60 of 512 bytes failed: 仅完成部分的 ReadProcessMemory 或 WriteProcessMemory 请求。 (0x12B)
[0906/192455.201:ERROR:process_memory_win.cc(73)] ReadMemory at 0x235185b05b0 of 512 bytes failed: 仅完成部分的 ReadProcessMemory 或 WriteProcessMemory 请求。 (0x12B)
[0906/192455.201:ERROR:process_memory_win.cc(73)] ReadMemory at 0x235185ea334 of 1136 bytes failed: 仅完成部分的 ReadProcessMemory 或 WriteProcessMemory 请求。 (0x12B)
[0906/192455.201:ERROR:process_memory_win.cc(73)] ReadMemory at 0x23518679dc0 of 512 bytes failed: 仅完成部分的 ReadProcessMemory 或 WriteProcessMemory 请求。 (0x12B)
[0906/192455.201:ERROR:process_memory_win.cc(73)] ReadMemory at 0x23518682f18 of 512 bytes failed: 仅完成部分的 ReadProcessMemory 或 WriteProcessMemory 请求。 (0x12B)
[0906/192455.202:ERROR:process_memory_win.cc(73)] ReadMemory at 0x23518692050 of 512 bytes failed: 仅完成部分的 ReadProcessMemory 或 WriteProcessMemory 请求。 (0x12B)
[0906/192455.202:ERROR:process_memory_win.cc(73)] ReadMemory at 0x7ffbdad67160 of 540 bytes failed: 仅完成部分的 ReadProcessMemory 或 WriteProcessMemory 请求。 (0x12B)
[0906/192455.202:ERROR:process_memory_win.cc(73)] ReadMemory at 0x7ffbe00c9981 of 512 bytes failed: 仅完成部分的 ReadProcessMemory 或 WriteProcessMemory 请求。 (0x12B)
[0906/192455.202:ERROR:process_memory_win.cc(73)] ReadMemory at 0x7ffc2eacb6e0 of 512 bytes failed: 仅完成部分的 ReadProcessMemory 或 WriteProcessMemory 请求。 (0x12B)
[0906/192455.202:ERROR:process_memory_win.cc(73)] ReadMemory at 0x7ffc30981f80 of 512 bytes failed: 仅完成部分的 ReadProcessMemory 或 WriteProcessMemory 请求。 (0x12B)
[0906/192455.202:ERROR:process_memory_win.cc(73)] ReadMemory at 0x7ffc30afc0c4 of 672 bytes failed: 仅完成部分的 ReadProcessMemory 或 WriteProcessMemory 请求。 (0x12B)
[0906/192455.202:ERROR:process_memory_win.cc(73)] ReadMemory at 0x7ffc30afc6c4 of 512 bytes failed: 仅完成部分的 ReadProcessMemory 或 WriteProcessMemory 请求。 (0x12B)
[0906/192455.202:ERROR:process_memory_win.cc(73)] ReadMemory at 0x7ffc30aff974 of 608 bytes failed: 仅完成部分的 ReadProcessMemory 或 WriteProcessMemory 请求。 (0x12B)
[0906/192455.202:ERROR:process_memory_win.cc(73)] ReadMemory at 0x7ffc30b8c428 of 18 bytes failed: 仅完成部分的 ReadProcessMemory 或 WriteProcessMemory 请求。 (0x12B)
[0906/192455.202:ERROR:process_memory_win.cc(73)] ReadMemory at 0x7ffc30bbf4f8 of 40 bytes failed: 仅完成部分的 ReadProcessMemory 或 WriteProcessMemory 请求。 (0x12B)
[0906/192455.202:ERROR:process_memory_win.cc(73)] ReadMemory at 0x7ffc30bbf978 of 48 bytes failed: 仅完成部分的 ReadProcessMemory 或 WriteProcessMemory 请求。 (0x12B)
[0906/192455.202:ERROR:process_memory_win.cc(73)] ReadMemory at 0x7ffc30bc53c0 of 64 bytes failed: 仅完成部分的 ReadProcessMemory 或 WriteProcessMemory 请求。 (0x12B)
[0906/192455.204:ERROR:scoped_process_suspend.cc(40)] NtResumeProcess: 已尝试访问正在退出的过程。 (0xc000010a)
